<?xml version="1.0" encoding="UTF-8"?>
<testsuite name="Favorite a candidate" tests="3" skipped="0" failures="0" errors="0" timestamp="2020-12-12T06:20:27" hostname="MacBook-Pro-de-Rodrigo-Cunha.local" time="9.259">
  <properties/>
  <testcase name="Complete initial setup" classname="Favorite a candidate" time="9.253"/>
  <testcase name="Search the results from a location" classname="Favorite a candidate" time="0.003"/>
  <testcase name="I add a candidate to favorites" classname="Favorite a candidate" time="0.003"/>
  <system-out><![CDATA[
Scenario: Complete initial setup            # src/test/resources/features/Favorite.feature:3
  Given I launch the App for the first time # steps.SetupSteps.launchApp()
  When I complete the setup                 # steps.SetupSteps.completeSetup()
  Then I reach the home page                # steps.SetupSteps.homePageReached()

Scenario: Search the results from a location # src/test/resources/features/Favorite.feature:8

Scenario: I add a candidate to favorites # src/test/resources/features/Favorite.feature:10
]]></system-out>
  <system-err><![CDATA[]]></system-err>
</testsuite>
